mode: set
mgufrone.dev/job-tracking/app/console/kernel.go:11.51,13.2 1 1
mgufrone.dev/job-tracking/app/console/kernel.go:15.52,17.2 1 1
mgufrone.dev/job-tracking/app/grpc/kernel.go:12.79,14.2 1 1
mgufrone.dev/job-tracking/app/grpc/kernel.go:17.95,19.2 1 1
mgufrone.dev/job-tracking/app/http/kernel.go:12.53,14.2 1 1
mgufrone.dev/job-tracking/app/http/controllers/user_controller.go:11.42,15.2 1 1
mgufrone.dev/job-tracking/app/http/controllers/user_controller.go:17.63,21.2 1 1
mgufrone.dev/job-tracking/app/http/requests/request_deploy.go:16.59,18.2 1 1
mgufrone.dev/job-tracking/app/http/requests/request_deploy.go:20.67,27.2 1 1
mgufrone.dev/job-tracking/app/http/requests/request_deploy.go:29.70,31.2 1 1
mgufrone.dev/job-tracking/app/http/requests/request_deploy.go:33.72,35.2 1 1
mgufrone.dev/job-tracking/app/http/requests/request_deploy.go:37.92,38.74 1 1
mgufrone.dev/job-tracking/app/http/requests/request_deploy.go:38.74,40.3 1 1
mgufrone.dev/job-tracking/app/http/requests/request_deploy.go:41.2,41.60 1 1
mgufrone.dev/job-tracking/app/http/requests/request_deploy.go:41.60,43.3 1 1
mgufrone.dev/job-tracking/app/http/requests/request_deploy.go:44.2,44.12 1 0
mgufrone.dev/job-tracking/app/providers/app_service_provider.go:10.75,12.2 0 1
mgufrone.dev/job-tracking/app/providers/app_service_provider.go:14.71,16.2 0 1
mgufrone.dev/job-tracking/app/providers/auth_service_provider.go:10.76,12.2 0 1
mgufrone.dev/job-tracking/app/providers/auth_service_provider.go:14.72,16.2 0 1
mgufrone.dev/job-tracking/app/providers/console_service_provider.go:13.78,17.2 3 1
mgufrone.dev/job-tracking/app/providers/console_service_provider.go:19.75,21.2 0 1
mgufrone.dev/job-tracking/app/providers/database_service_provider.go:14.80,16.2 0 1
mgufrone.dev/job-tracking/app/providers/database_service_provider.go:18.75,22.2 1 1
mgufrone.dev/job-tracking/app/providers/event_service_provider.go:15.76,17.2 1 1
mgufrone.dev/job-tracking/app/providers/event_service_provider.go:19.73,21.2 0 1
mgufrone.dev/job-tracking/app/providers/event_service_provider.go:23.81,32.2 1 1
mgufrone.dev/job-tracking/app/providers/grpc_service_provider.go:14.75,19.2 3 1
mgufrone.dev/job-tracking/app/providers/grpc_service_provider.go:21.71,24.2 1 1
mgufrone.dev/job-tracking/app/providers/queue_service_provider.go:12.76,14.2 1 1
mgufrone.dev/job-tracking/app/providers/queue_service_provider.go:16.73,18.2 0 1
mgufrone.dev/job-tracking/app/providers/queue_service_provider.go:20.58,22.2 1 1
mgufrone.dev/job-tracking/app/providers/route_service_provider.go:14.77,15.2 0 1
mgufrone.dev/job-tracking/app/providers/route_service_provider.go:17.72,25.2 4 1
mgufrone.dev/job-tracking/app/providers/route_service_provider.go:27.64,29.2 0 1
mgufrone.dev/job-tracking/app/providers/validation_service_provider.go:12.82,14.2 0 1
mgufrone.dev/job-tracking/app/providers/validation_service_provider.go:16.77,17.72 1 1
mgufrone.dev/job-tracking/app/providers/validation_service_provider.go:17.72,19.3 1 0
mgufrone.dev/job-tracking/app/providers/validation_service_provider.go:22.70,24.2 1 1
mgufrone.dev/job-tracking/bootstrap/app.go:9.13,17.2 3 1
mgufrone.dev/job-tracking/config/app.go:32.14,32.15 0 1
mgufrone.dev/job-tracking/config/app.go:34.13,104.2 2 1
mgufrone.dev/job-tracking/config/auth.go:7.13,36.2 2 1
mgufrone.dev/job-tracking/config/cache.go:7.13,37.2 2 1
mgufrone.dev/job-tracking/config/cors.go:7.13,25.2 2 1
mgufrone.dev/job-tracking/config/database.go:7.13,113.2 2 1
mgufrone.dev/job-tracking/config/filesystems.go:8.13,37.2 2 1
mgufrone.dev/job-tracking/config/grpc.go:7.13,26.2 2 1
mgufrone.dev/job-tracking/config/hashing.go:7.13,40.2 2 1
mgufrone.dev/job-tracking/config/http.go:9.13,17.42 2 1
mgufrone.dev/job-tracking/config/http.go:17.42,19.6 1 1
mgufrone.dev/job-tracking/config/jenkins.go:7.13,15.2 2 1
mgufrone.dev/job-tracking/config/jwt.go:7.13,41.2 2 1
mgufrone.dev/job-tracking/config/logging.go:7.13,42.2 2 1
mgufrone.dev/job-tracking/config/mail.go:5.13,43.2 2 1
mgufrone.dev/job-tracking/config/queue.go:7.13,28.2 2 1
mgufrone.dev/job-tracking/config/slack.go:7.13,14.2 2 1
mgufrone.dev/job-tracking/database/seeders/database_seeder.go:7.45,9.2 1 1
mgufrone.dev/job-tracking/database/seeders/database_seeder.go:12.38,14.2 1 0
mgufrone.dev/job-tracking/packages/jenkins/jenkins.go:18.49,20.2 1 0
mgufrone.dev/job-tracking/packages/jenkins/jenkins.go:22.106,29.16 3 0
mgufrone.dev/job-tracking/packages/jenkins/jenkins.go:29.16,31.3 1 0
mgufrone.dev/job-tracking/packages/jenkins/jenkins.go:32.2,33.16 2 0
mgufrone.dev/job-tracking/packages/jenkins/jenkins.go:33.16,35.3 1 0
mgufrone.dev/job-tracking/packages/jenkins/jenkins.go:36.2,38.74 3 0
mgufrone.dev/job-tracking/packages/jenkins/jenkins.go:38.74,40.3 1 0
mgufrone.dev/job-tracking/packages/jenkins/jenkins.go:41.2,41.27 1 0
mgufrone.dev/job-tracking/packages/jenkins/jenkins.go:41.27,44.3 2 0
mgufrone.dev/job-tracking/packages/jenkins/jenkins.go:45.2,45.28 1 0
mgufrone.dev/job-tracking/packages/jenkins/jenkins.go:48.89,55.16 7 0
mgufrone.dev/job-tracking/packages/jenkins/jenkins.go:55.16,57.3 1 0
mgufrone.dev/job-tracking/packages/jenkins/jenkins.go:58.2,59.37 2 0
mgufrone.dev/job-tracking/packages/jenkins/jenkins.go:62.88,64.16 2 0
mgufrone.dev/job-tracking/packages/jenkins/jenkins.go:64.16,66.3 1 0
mgufrone.dev/job-tracking/packages/jenkins/jenkins.go:67.2,67.8 1 0
mgufrone.dev/job-tracking/packages/jenkins/jenkins.go:69.84,74.2 4 0
mgufrone.dev/job-tracking/packages/jenkins/service_provider.go:22.71,25.66 2 1
mgufrone.dev/job-tracking/packages/jenkins/service_provider.go:25.66,29.43 3 0
mgufrone.dev/job-tracking/packages/jenkins/service_provider.go:29.43,30.15 1 0
mgufrone.dev/job-tracking/packages/jenkins/service_provider.go:30.15,32.6 1 0
mgufrone.dev/job-tracking/packages/jenkins/service_provider.go:35.43,40.5 4 0
mgufrone.dev/job-tracking/packages/jenkins/service_provider.go:41.3,41.30 1 0
mgufrone.dev/job-tracking/packages/jenkins/service_provider.go:43.2,43.73 1 1
mgufrone.dev/job-tracking/packages/jenkins/service_provider.go:43.73,47.3 3 0
mgufrone.dev/job-tracking/packages/jenkins/service_provider.go:50.67,55.57 3 1
mgufrone.dev/job-tracking/packages/jenkins/service_provider.go:55.57,58.3 2 1
mgufrone.dev/job-tracking/packages/jenkins/handlers/handler.go:22.65,24.2 1 0
mgufrone.dev/job-tracking/packages/jenkins/handlers/handler.go:26.66,30.86 2 0
mgufrone.dev/job-tracking/packages/jenkins/handlers/handler.go:30.86,32.3 1 0
mgufrone.dev/job-tracking/packages/jenkins/handlers/handler.go:33.2,33.62 1 0
mgufrone.dev/job-tracking/packages/jenkins/handlers/handler.go:33.62,35.3 1 0
mgufrone.dev/job-tracking/packages/jenkins/handlers/handler.go:36.2,39.36 4 0
mgufrone.dev/job-tracking/packages/jenkins/handlers/handler.go:39.36,41.3 1 0
mgufrone.dev/job-tracking/packages/jenkins/handlers/handler.go:42.2,55.16 10 0
mgufrone.dev/job-tracking/packages/jenkins/handlers/handler.go:55.16,58.3 2 0
mgufrone.dev/job-tracking/packages/jenkins/handlers/handler.go:59.2,60.15 2 0
mgufrone.dev/job-tracking/packages/jenkins/handlers/handler.go:60.16,62.3 0 0
mgufrone.dev/job-tracking/packages/jenkins/handlers/handler.go:63.2,63.25 1 0
mgufrone.dev/job-tracking/packages/jenkins/handlers/handler.go:63.25,66.17 3 0
mgufrone.dev/job-tracking/packages/jenkins/handlers/handler.go:66.17,68.4 1 0
mgufrone.dev/job-tracking/packages/jenkins/handlers/handler.go:69.3,69.13 1 0
mgufrone.dev/job-tracking/packages/jenkins/handlers/handler.go:71.2,72.16 2 0
mgufrone.dev/job-tracking/packages/jenkins/handlers/handler.go:72.16,75.3 2 0
mgufrone.dev/job-tracking/packages/jenkins/handlers/handler.go:76.2,80.15 2 0
mgufrone.dev/job-tracking/packages/jenkins/handlers/request_approval.go:14.44,16.2 1 1
mgufrone.dev/job-tracking/packages/jenkins/handlers/request_approval.go:18.72,21.16 3 1
mgufrone.dev/job-tracking/packages/jenkins/handlers/request_approval.go:21.16,25.3 1 1
mgufrone.dev/job-tracking/packages/jenkins/handlers/request_approval.go:26.2,26.19 1 1
mgufrone.dev/job-tracking/packages/jenkins/handlers/request_approval.go:26.19,30.3 1 1
mgufrone.dev/job-tracking/packages/jenkins/handlers/request_approval.go:31.2,56.16 4 1
mgufrone.dev/job-tracking/packages/jenkins/handlers/request_approval.go:56.16,60.3 1 1
mgufrone.dev/job-tracking/packages/jenkins/handlers/request_approval.go:61.2,66.12 2 1
mgufrone.dev/job-tracking/packages/jenkins/listeners/on_interaction_submitted.go:14.60,16.2 1 0
mgufrone.dev/job-tracking/packages/jenkins/listeners/on_interaction_submitted.go:18.72,24.2 1 0
mgufrone.dev/job-tracking/packages/jenkins/listeners/on_interaction_submitted.go:26.67,28.16 2 0
mgufrone.dev/job-tracking/packages/jenkins/listeners/on_interaction_submitted.go:28.16,30.3 1 0
mgufrone.dev/job-tracking/packages/jenkins/listeners/on_interaction_submitted.go:31.2,31.74 1 0
mgufrone.dev/job-tracking/packages/slack/service_provider.go:25.53,26.11 1 0
mgufrone.dev/job-tracking/packages/slack/service_provider.go:27.9,28.20 1 0
mgufrone.dev/job-tracking/packages/slack/service_provider.go:29.10,30.21 1 0
mgufrone.dev/job-tracking/packages/slack/service_provider.go:32.2,32.12 1 0
mgufrone.dev/job-tracking/packages/slack/service_provider.go:35.71,38.66 2 1
mgufrone.dev/job-tracking/packages/slack/service_provider.go:38.66,40.3 1 0
mgufrone.dev/job-tracking/packages/slack/service_provider.go:41.2,41.72 1 1
mgufrone.dev/job-tracking/packages/slack/service_provider.go:41.72,52.3 6 1
mgufrone.dev/job-tracking/packages/slack/service_provider.go:53.2,53.77 1 1
mgufrone.dev/job-tracking/packages/slack/service_provider.go:53.77,59.3 5 1
mgufrone.dev/job-tracking/packages/slack/service_provider.go:62.67,71.2 4 1
mgufrone.dev/job-tracking/packages/slack/commands/slack_socket.go:17.80,19.2 1 1
mgufrone.dev/job-tracking/packages/slack/commands/slack_socket.go:21.38,23.2 1 1
mgufrone.dev/job-tracking/packages/slack/commands/slack_socket.go:25.40,27.2 1 1
mgufrone.dev/job-tracking/packages/slack/commands/slack_socket.go:29.43,31.2 1 1
mgufrone.dev/job-tracking/packages/slack/commands/slack_socket.go:33.53,35.12 2 0
mgufrone.dev/job-tracking/packages/slack/commands/slack_socket.go:35.12,36.36 1 0
mgufrone.dev/job-tracking/packages/slack/commands/slack_socket.go:36.36,37.51 1 0
mgufrone.dev/job-tracking/packages/slack/commands/slack_socket.go:37.51,38.13 1 0
mgufrone.dev/job-tracking/packages/slack/commands/slack_socket.go:40.4,46.30 4 0
mgufrone.dev/job-tracking/packages/slack/commands/slack_socket.go:49.2,49.23 1 0
mgufrone.dev/job-tracking/packages/slack/events/interaction_submitted.go:8.85,10.2 1 0
mgufrone.dev/job-tracking/packages/slack/events/response_url.go:8.76,10.2 1 0
mgufrone.dev/job-tracking/packages/slack/facades/slack.go:11.30,13.16 2 0
mgufrone.dev/job-tracking/packages/slack/facades/slack.go:13.16,16.3 2 0
mgufrone.dev/job-tracking/packages/slack/facades/slack.go:18.2,18.35 1 0
mgufrone.dev/job-tracking/packages/slack/facades/slack.go:21.35,23.16 2 1
mgufrone.dev/job-tracking/packages/slack/facades/slack.go:23.16,26.3 2 0
mgufrone.dev/job-tracking/packages/slack/facades/slack.go:28.2,28.34 1 1
mgufrone.dev/job-tracking/packages/slack/listeners/on_response_url.go:13.51,15.2 1 0
mgufrone.dev/job-tracking/packages/slack/listeners/on_response_url.go:17.63,23.2 1 0
mgufrone.dev/job-tracking/packages/slack/listeners/on_response_url.go:25.64,30.57 4 0
mgufrone.dev/job-tracking/packages/slack/listeners/on_response_url.go:30.57,32.3 1 0
mgufrone.dev/job-tracking/packages/slack/listeners/on_response_url.go:33.2,38.8 3 0
mgufrone.dev/job-tracking/routes/api.go:10.12,12.67 2 1
mgufrone.dev/job-tracking/routes/api.go:12.67,14.3 1 1
mgufrone.dev/job-tracking/routes/grpc.go:3.14,5.2 0 1
mgufrone.dev/job-tracking/routes/web.go:9.12,10.64 1 1
mgufrone.dev/job-tracking/routes/web.go:10.64,14.3 1 0
mgufrone.dev/job-tracking/tests/test_case.go:9.13,11.2 1 1
mgufrone.dev/job-tracking/tests/mocks/http_client.go:12.76,15.2 2 1
